\BOOKMARK [-1][-]{part.1}{\376\377\000I\000\040\000u\000r\000b\000a\000n\000\040\000e\000c\000o\000n\000o\000m\000i\000c\000s}{}% 1
\BOOKMARK [0][-]{chapter.1}{\376\377\000F\000i\000r\000s\000t\000\040\000N\000a\000t\000u\000r\000e\000,\000\040\000S\000e\000c\000o\000n\000d\000\040\000N\000a\000t\000u\000r\000e\000,\000\040\000a\000n\000d\000\040\000M\000e\000t\000r\000o\000p\000o\000l\000i\000t\000a\000n\000\040\000L\000o\000c\000a\000t\000i\000o\000n}{part.1}% 2
\BOOKMARK [1][-]{section.1.1}{\376\377\000A\000\040\000M\000o\000d\000e\000l\000i\000n\000g\000\040\000A\000p\000p\000r\000o\000a\000c\000h}{chapter.1}% 3
\BOOKMARK [1][-]{section.1.2}{\376\377\000A\000\040\000O\000n\000e\000-\000D\000i\000m\000e\000n\000s\000i\000o\000n\000a\000l\000\040\000M\000o\000d\000e\000l}{chapter.1}% 4
\BOOKMARK [1][-]{section.1.3}{\376\377\000A\000\040\000T\000w\000o\000-\000D\000i\000m\000e\000n\000s\000i\000o\000n\000a\000l\000\040\000M\000o\000d\000e\000l}{chapter.1}% 5
\BOOKMARK [0][-]{chapter.2}{\376\377\000I\000n\000c\000r\000e\000a\000s\000i\000n\000g\000\040\000R\000e\000t\000u\000r\000n\000s\000\040\000a\000n\000d\000\040\000E\000c\000o\000n\000o\000m\000i\000c\000\040\000G\000e\000o\000g\000r\000a\000p\000h\000y}{part.1}% 6
\BOOKMARK [1][-]{section.2.1}{\376\377\000A\000\040\000T\000W\000o\000-\000R\000e\000g\000i\000o\000n\000\040\000M\000o\000d\000e\000l}{chapter.2}% 7
\BOOKMARK [1][-]{section.2.2}{\376\377\000S\000h\000o\000r\000t\000-\000R\000u\000n\000\040\000a\000n\000d\000\040\000L\000o\000n\000g\000-\000R\000u\000n\000\040\000E\000q\000u\000i\000l\000i\000b\000r\000i\000u\000m}{chapter.2}% 8
\BOOKMARK [1][-]{section.2.3}{\376\377\000N\000e\000c\000e\000s\000s\000a\000r\000y\000\040\000C\000o\000n\000d\000i\000t\000i\000o\000n\000s\000\040\000f\000o\000r\000\040\000M\000a\000n\000u\000f\000a\000c\000u\000t\000r\000i\000n\000g\000\040\000C\000o\000n\000c\000e\000n\000t\000r\000a\000t\000i\000o\000n}{chapter.2}% 9
\BOOKMARK [0][-]{chapter.3}{\376\377\000S\000c\000a\000l\000e\000\040\000E\000c\000o\000n\000o\000m\000i\000c\000s\000,\000\040\000P\000r\000o\000d\000u\000c\000t\000\040\000D\000i\000f\000f\000e\000r\000e\000n\000t\000i\000a\000t\000i\000o\000n\000,\000\040\000a\000n\000d\000\040\000t\000h\000e\000\040\000P\000a\000t\000t\000e\000r\000n\000\040\000o\000f\000\040\000T\000r\000a\000d\000e}{part.1}% 10
\BOOKMARK [1][-]{section.3.1}{\376\377\000M\000o\000d\000e\000l}{chapter.3}% 11
\BOOKMARK [2][-]{subsection.3.1.1}{\376\377\000A\000s\000s\000u\000m\000p\000t\000i\000o\000n\000s\000\040\000o\000f\000\040\000t\000h\000e\000\040\000M\000o\000d\000e\000l}{section.3.1}% 12
\BOOKMARK [2][-]{subsection.3.1.2}{\376\377\000E\000q\000u\000i\000l\000i\000b\000r\000i\000u\000m\000\040\000i\000n\000\040\000a\000\040\000C\000l\000o\000s\000e\000d\000\040\000E\000c\000o\000n\000o\000m\000y}{section.3.1}% 13
\BOOKMARK [2][-]{subsection.3.1.3}{\376\377\000E\000f\000f\000e\000c\000t\000s\000\040\000o\000f\000\040\000T\000r\000a\000d\000e}{section.3.1}% 14
\BOOKMARK [1][-]{section.3.2}{\376\377\000T\000r\000a\000n\000s\000p\000o\000r\000t\000\040\000C\000o\000s\000t\000s}{chapter.3}% 15
\BOOKMARK [2][-]{subsection.3.2.1}{\376\377\000I\000n\000d\000i\000v\000i\000d\000u\000a\000l\000\040\000B\000e\000h\000a\000v\000i\000o\000r}{section.3.2}% 16
\BOOKMARK [2][-]{subsection.3.2.2}{\376\377\000D\000e\000t\000e\000r\000m\000i\000n\000a\000t\000i\000o\000n\000\040\000o\000f\000\040\000E\000q\000u\000i\000l\000i\000b\000r\000i\000u\000m}{section.3.2}% 17
\BOOKMARK [1][-]{section.3.3}{\376\377\000"\000H\000o\000m\000e\000\040\000M\000a\000r\000k\000e\000t\000"\000\040\000E\000f\000f\000e\000c\000t\000s\000\040\000o\000n\000\040\000t\000h\000e\000\040\000P\000a\000t\000t\000e\000r\000n\000\040\000o\000f\000\040\000T\000r\000a\000d\000e}{chapter.3}% 18
\BOOKMARK [2][-]{subsection.3.3.1}{\376\377\000T\000w\000o\000-\000I\000n\000d\000u\000s\000t\000r\000y\000\040\000E\000c\000o\000n\000o\000m\000y}{section.3.3}% 19
\BOOKMARK [2][-]{subsection.3.3.2}{\376\377\000D\000e\000m\000a\000n\000d\000\040\000a\000n\000d\000\040\000t\000h\000e\000\040\000T\000r\000a\000d\000e\000\040\000P\000a\000t\000t\000e\000r\000n\000:\000\040\000A\000\040\000s\000i\000m\000p\000l\000e\000\040\000C\000a\000s\000e}{section.3.3}% 20
\BOOKMARK [0][-]{chapter.4}{\376\377\000G\000r\000o\000w\000t\000h\000,\000\040\000s\000p\000e\000c\000u\000l\000a\000t\000i\000o\000n\000\040\000a\000n\000d\000\040\000s\000p\000r\000a\000w\000l\000\040\000i\000n\000\040\000a\000\040\000m\000o\000n\000o\000c\000e\000n\000t\000r\000i\000c\000\040\000c\000i\000t\000y}{part.1}% 21
\BOOKMARK [1][-]{section.4.1}{\376\377\000T\000h\000e\000\040\000M\000o\000d\000e\000l}{chapter.4}% 22
\BOOKMARK [1][-]{section.4.2}{\376\377\000P\000e\000r\000f\000e\000c\000t\000\040\000F\000o\000r\000e\000s\000i\000g\000h\000t\000\040\000P\000l\000a\000n\000n\000i\000n\000g}{chapter.4}% 23
\BOOKMARK [2][-]{subsection.4.2.1}{\376\377\000F\000i\000r\000s\000t\000-\000P\000e\000r\000i\000o\000d\000\040\000E\000q\000u\000a\000t\000i\000o\000n\000s}{section.4.2}% 24
\BOOKMARK [2][-]{subsection.4.2.2}{\376\377\000S\000e\000c\000o\000n\000d\000-\000P\000e\000r\000i\000o\000d\000\040\000E\000q\000u\000a\000t\000i\000o\000n\000s}{section.4.2}% 25
\BOOKMARK [2][-]{subsection.4.2.3}{\376\377\000T\000h\000e\000\040\000E\000q\000u\000i\000l\000i\000b\000r\000i\000u\000m}{section.4.2}% 26
\BOOKMARK [2][-]{subsection.4.2.4}{\376\377\000C\000o\000m\000p\000a\000r\000a\000t\000i\000v\000e\000\040\000S\000t\000a\000t\000i\000c\000s}{section.4.2}% 27
\BOOKMARK [1][-]{section.4.3}{\376\377\000U\000n\000c\000e\000r\000t\000a\000i\000n\000t\000y\000\040\000a\000n\000d\000\040\000S\000p\000e\000c\000u\000l\000a\000t\000i\000o\000n}{chapter.4}% 28
\BOOKMARK [2][-]{subsection.4.3.1}{\376\377\000S\000e\000c\000o\000n\000d\000-\000P\000e\000r\000i\000o\000d\000\040\000E\000q\000u\000i\000l\000i\000b\000r\000i\000u\000m}{section.4.3}% 29
\BOOKMARK [2][-]{subsection.4.3.2}{\376\377\000F\000i\000r\000s\000t\000-\000P\000e\000r\000i\000o\000d\000\040\000E\000q\000u\000i\000l\000i\000b\000r\000i\000u\000m}{section.4.3}% 30
\BOOKMARK [0][-]{chapter.5}{\376\377\000T\000H\000E\000\040\000E\000C\000O\000N\000O\000M\000I\000C\000S\000\040\000O\000F\000\040\000D\000E\000N\000S\000I\000T\000Y\000:\000\040\000E\000V\000I\000D\000E\000N\000C\000E\000\040\000F\000R\000O\000M\000\040\000T\000H\000E\000\040\000B\000E\000R\000L\000I\000N\000\040\000W\000A\000L\000L}{part.1}% 31
\BOOKMARK [1][-]{section.5.1}{\376\377\000T\000H\000E\000O\000R\000E\000T\000I\000C\000A\000L\000\040\000M\000O\000D\000E\000L}{chapter.5}% 32
\BOOKMARK [2][-]{subsection.5.1.1}{\376\377\000W\000o\000r\000k\000e\000r\000s}{section.5.1}% 33
\BOOKMARK [2][-]{subsection.5.1.2}{\376\377\000P\000r\000o\000d\000u\000c\000t\000i\000o\000n}{section.5.1}% 34
\BOOKMARK [2][-]{subsection.5.1.3}{\376\377\000L\000a\000n\000d\000\040\000M\000a\000r\000k\000e\000t\000\040\000C\000l\000e\000a\000n\000i\000n\000g}{section.5.1}% 35
\BOOKMARK [2][-]{subsection.5.1.4}{\376\377\000G\000e\000n\000e\000r\000a\000l\000\040\000E\000q\000u\000i\000l\000i\000b\000r\000i\000u\000m\000\040\000W\000i\000t\000h\000\040\000E\000x\000o\000g\000e\000n\000o\000u\000s\000\040\000L\000o\000c\000a\000t\000i\000o\000n\000\040\000c\000h\000a\000r\000a\000c\000t\000e\000r\000i\000s\000t\000i\000c\000s}{section.5.1}% 36
\BOOKMARK [2][-]{subsection.5.1.5}{\376\377\000I\000n\000t\000r\000o\000d\000u\000c\000i\000n\000g\000\040\000A\000g\000g\000l\000o\000m\000e\000n\000r\000a\000t\000i\000o\000n\000\040\000F\000o\000r\000c\000e\000s}{section.5.1}% 37
\BOOKMARK [2][-]{subsection.5.1.6}{\376\377\000R\000e\000c\000o\000v\000e\000r\000i\000n\000g\000\040\000L\000o\000c\000a\000t\000i\000o\000n\000\040\000C\000h\000a\000r\000a\000c\000t\000e\000r\000i\000s\000t\000i\000c\000s}{section.5.1}% 38
\BOOKMARK [0][-]{chapter.6}{\376\377\000T\000H\000E\000\040\000M\000A\000K\000I\000N\000G\000\040\000O\000F\000\040\000T\000H\000E\000\040\000M\000O\000D\000E\000R\000N\000\040\000M\000E\000T\000R\000O\000P\000O\000L\000I\000S\000:\000\040\000E\000V\000I\000D\000E\000N\000C\000E\000\040\000F\000R\000O\000M\000\040\000L\000O\000N\000D\000O\000N}{part.1}% 39
\BOOKMARK [1][-]{section.6.1}{\376\377\000T\000h\000e\000o\000r\000e\000t\000i\000c\000a\000l\000\040\000F\000r\000a\000m\000e\000w\000o\000r\000k}{chapter.6}% 40
\BOOKMARK [2][-]{subsection.6.1.1}{\376\377\000P\000r\000e\000f\000e\000r\000e\000n\000c\000e\000s}{section.6.1}% 41
\BOOKMARK [2][-]{subsection.6.1.2}{\376\377\000P\000r\000o\000d\000u\000c\000t\000i\000o\000n}{section.6.1}% 42
\BOOKMARK [2][-]{subsection.6.1.3}{\376\377\000C\000o\000m\000m\000u\000t\000e\000r\000\040\000M\000a\000r\000k\000e\000t\000\040\000C\000l\000e\000a\000r\000i\000n\000g}{section.6.1}% 43
\BOOKMARK [2][-]{subsection.6.1.4}{\376\377\000L\000a\000n\000d\000\040\000M\000a\000r\000k\000e\000t\000\040\000C\000l\000e\000a\000r\000i\000n\000g}{section.6.1}% 44
\BOOKMARK [1][-]{section.6.2}{\376\377\000Q\000u\000a\000n\000t\000i\000t\000a\000t\000i\000v\000e\000\040\000A\000n\000a\000l\000y\000s\000i\000s}{chapter.6}% 45
\BOOKMARK [2][-]{subsection.6.2.1}{\376\377\000C\000o\000m\000b\000i\000n\000e\000d\000\040\000L\000a\000n\000d\000\040\000a\000n\000d\000\040\000C\000o\000m\000m\000u\000t\000e\000r\000\040\000M\000a\000r\000k\000e\000t\000\040\000C\000l\000e\000a\000r\000i\000n\000g}{section.6.2}% 46
\BOOKMARK [0][-]{chapter.7}{\376\377\000U\000r\000b\000a\000n\000\040\000D\000i\000v\000e\000r\000s\000i\000t\000y\000,\000\040\000P\000r\000o\000c\000e\000s\000s\000\040\000I\000n\000n\000o\000v\000a\000t\000i\000o\000n\000,\000\040\000a\000n\000d\000\040\000t\000h\000e\000\040\000L\000i\000f\000e\000\040\000C\000y\000c\000l\000e\000\040\000o\000f\000\040\000P\000r\000o\000d\000u\000c\000t\000s}{part.1}% 47
\BOOKMARK [1][-]{section.7.1}{\376\377\000T\000h\000e\000\040\000m\000o\000d\000e\000l}{chapter.7}% 48
\BOOKMARK [2][-]{subsection.7.1.1}{\376\377\000T\000e\000c\000h\000n\000o\000l\000o\000g\000y}{section.7.1}% 49
\BOOKMARK [2][-]{subsection.7.1.2}{\376\377\000P\000r\000e\000f\000e\000r\000e\000n\000c\000e\000s}{section.7.1}% 50
\BOOKMARK [2][-]{subsection.7.1.3}{\376\377\000I\000n\000c\000o\000m\000e\000\040\000a\000n\000d\000\040\000M\000i\000g\000r\000a\000t\000i\000o\000n}{section.7.1}% 51
\BOOKMARK [2][-]{subsection.7.1.4}{\376\377\000C\000i\000t\000y\000\040\000F\000o\000r\000m\000a\000t\000i\000o\000n}{section.7.1}% 52
\BOOKMARK [2][-]{subsection.7.1.5}{\376\377\000E\000q\000u\000i\000l\000i\000b\000r\000i\000u\000m\000\040\000D\000e\000f\000i\000n\000i\000t\000i\000o\000n}{section.7.1}% 53
\BOOKMARK [1][-]{section.7.2}{\376\377\000E\000q\000u\000i\000l\000i\000b\000r\000i\000u\000m\000\040\000C\000i\000t\000y\000\040\000S\000i\000z\000e\000s}{chapter.7}% 54
\BOOKMARK [0][-]{chapter.8}{\376\377\000S\000p\000a\000t\000i\000a\000l\000\040\000S\000o\000r\000t\000i\000n\000g\000\040\000a\000n\000d\000\040\000I\000n\000e\000q\000u\000a\000l\000i\000t\000y}{part.1}% 55
\BOOKMARK [1][-]{section.8.1}{\376\377\000C\000h\000a\000n\000g\000e\000\040\000i\000n\000\040\000S\000K\000i\000l\000l\000\040\000S\000o\000u\000r\000t\000i\000n\000g\000:\000\040\000F\000r\000a\000m\000e\000w\000o\000r\000k}{chapter.8}% 56
\BOOKMARK [2][-]{subsection.8.1.1}{\376\377\000S\000e\000t\000u\000p}{section.8.1}% 57
\BOOKMARK [0][-]{chapter.9}{\376\377\000U\000r\000b\000a\000n\000\040\000A\000c\000c\000o\000u\000n\000t\000i\000n\000g\000\040\000a\000n\000d\000\040\000W\000e\000l\000f\000a\000r\000e}{part.1}% 58
\BOOKMARK [1][-]{section.9.1}{\376\377\000T\000h\000e\000\040\000M\000o\000d\000e\000l}{chapter.9}% 59
\BOOKMARK [2][-]{subsection.9.1.1}{\376\377\000T\000e\000c\000h\000n\000o\000l\000o\000g\000y}{section.9.1}% 60
\BOOKMARK [2][-]{subsection.9.1.2}{\376\377\000P\000r\000e\000f\000e\000r\000e\000n\000c\000e\000s}{section.9.1}% 61
\BOOKMARK [2][-]{subsection.9.1.3}{\376\377\000C\000o\000m\000m\000u\000t\000i\000n\000g\000\040\000C\000o\000s\000t\000,\000\040\000L\000a\000n\000d\000\040\000R\000e\000n\000t\000s\000,\000\040\000a\000n\000d\000\040\000C\000i\000t\000y\000\040\000E\000q\000u\000i\000l\000i\000b\000r\000i\000u\000m}{section.9.1}% 62
\BOOKMARK [2][-]{subsection.9.1.4}{\376\377\000G\000o\000v\000e\000r\000n\000m\000e\000n\000t\000\040\000B\000u\000d\000g\000e\000t\000\040\000C\000o\000n\000s\000t\000r\000a\000i\000n\000t}{section.9.1}% 63
\BOOKMARK [2][-]{subsection.9.1.5}{\376\377\000E\000q\000u\000i\000l\000i\000b\000r\000i\000u\000m}{section.9.1}% 64
\BOOKMARK [1][-]{section.9.2}{\376\377\000E\000v\000i\000d\000e\000n\000c\000e\000\040\000o\000f\000\040\000E\000f\000f\000i\000c\000i\000e\000n\000c\000y\000,\000\040\000A\000m\000e\000n\000i\000t\000i\000e\000s\000,\000\040\000a\000n\000d\000\040\000F\000r\000i\000c\000t\000i\000o\000n\000s}{chapter.9}% 65
\BOOKMARK [2][-]{subsection.9.2.1}{\376\377\000E\000m\000p\000i\000r\000i\000c\000a\000l\000\040\000A\000p\000p\000r\000o\000a\000c\000h}{section.9.2}% 66
\BOOKMARK [2][-]{subsection.9.2.2}{\376\377\000E\000f\000f\000e\000c\000t\000s\000\040\000o\000f\000\040\000E\000f\000f\000i\000c\000i\000e\000n\000c\000y\000,\000\040\000A\000m\000e\000n\000i\000t\000i\000e\000s\000,\000\040\000a\000n\000d\000\040\000F\000r\000i\000c\000t\000i\000o\000n\000s\000\040\000o\000n\000\040\000C\000i\000t\000y\000\040\000S\000i\000z\000e}{section.9.2}% 67
\BOOKMARK [0][-]{chapter.10}{\376\377\000I\000n\000t\000e\000r\000a\000c\000t\000i\000n\000g\000\040\000A\000g\000e\000n\000t\000s\000,\000\040\000S\000p\000a\000t\000i\000a\000l\000\040\000E\000x\000t\000e\000r\000n\000a\000l\000i\000t\000i\000e\000s\000\040\000a\000n\000d\000\040\000t\000h\000e\000\040\000E\000v\000o\000l\000u\000t\000i\000o\000n\000\040\000o\000f\000\040\000r\000e\000s\000i\000d\000e\000n\000t\000i\000a\000l\000\040\000l\000a\000n\000d\000\040\000u\000s\000e\000\040\000p\000a\000t\000t\000e\000r\000n\000s}{part.1}% 68
\BOOKMARK [1][-]{section.10.1}{\376\377\000O\000p\000t\000i\000m\000a\000l\000\040\000T\000i\000m\000i\000n\000g\000\040\000o\000f\000\040\000D\000e\000v\000e\000l\000o\000p\000m\000e\000n\000t}{chapter.10}% 69
\BOOKMARK [1][-]{section.10.2}{\376\377\000T\000h\000e\000\040\000E\000m\000p\000i\000r\000i\000c\000a\000l\000\040\000M\000o\000d\000e\000l}{chapter.10}% 70
\BOOKMARK [2][-]{subsection.10.2.1}{\376\377\000H\000a\000z\000a\000r\000d\000\040\000m\000o\000d\000e\000l\000\040\000o\000f\000\040\000d\000e\000v\000e\000l\000o\000p\000m\000e\000n\000t}{section.10.2}% 71
\BOOKMARK [2][-]{subsection.10.2.2}{\376\377\000T\000h\000e\000\040\000i\000d\000e\000n\000t\000i\000f\000i\000c\000a\000t\000i\000o\000n\000\040\000P\000r\000o\000b\000l\000e\000m}{section.10.2}% 72
\BOOKMARK [0][-]{chapter.11}{\376\377\000W\000h\000e\000n\000\040\000i\000s\000\040\000t\000h\000e\000\040\000e\000c\000o\000n\000o\000m\000y\000\040\000m\000o\000n\000o\000c\000e\000n\000t\000r\000i\000c}{part.1}% 73
\BOOKMARK [1][-]{section.11.1}{\376\377\000A\000\040\000f\000o\000r\000m\000a\000l\000\040\000m\000o\000d\000e\000l\000\040\000o\000f\000\040\000a\000\040\000s\000p\000a\000t\000i\000a\000l\000\040\000e\000c\000o\000n\000o\000m\000y}{chapter.11}% 74
\BOOKMARK [1][-]{section.11.2}{\376\377\000T\000h\000e\000\040\000m\000o\000n\000o\000c\000e\000n\000t\000r\000i\000c\000\040\000e\000q\000u\000i\000l\000i\000b\000r\000i\000u\000m}{chapter.11}% 75
\BOOKMARK [1][-]{section.11.3}{\376\377\000T\000h\000e\000\040\000p\000o\000t\000e\000n\000t\000i\000a\000l\000\040\000f\000u\000n\000c\000t\000i\000o\000n\000\040\000a\000n\000d\000\040\000l\000o\000c\000a\000t\000i\000o\000n\000-\000e\000q\000u\000i\000l\000i\000b\000r\000i\000u\000m\000\040\000o\000f\000\040\000M\000-\000f\000i\000r\000m\000s}{chapter.11}% 76
\BOOKMARK [0][-]{chapter.12}{\376\377\000T\000h\000e\000\040\000e\000n\000d\000o\000g\000e\000n\000o\000u\000s\000\040\000f\000o\000r\000m\000a\000t\000i\000o\000n\000\040\000o\000f\000\040\000a\000\040\000c\000i\000t\000y\000:\000\040\000p\000o\000p\000u\000l\000a\000t\000i\000o\000n\000\040\000a\000g\000g\000l\000o\000m\000e\000r\000a\000t\000i\000o\000n\000\040\000a\000n\000d\000\040\000m\000a\000r\000k\000e\000t\000p\000l\000a\000c\000e\000s\000\040\000i\000n\000\040\000a\000\040\000l\000o\000c\000a\000t\000i\000o\000n\000-\000s\000p\000e\000c\000i\000f\000i\000c\000\040\000p\000r\000o\000d\000u\000c\000t\000i\000o\000n\000\040\000e\000c\000o\000n\000o\000m\000y}{part.1}% 77
\BOOKMARK [1][-]{section.12.1}{\376\377\000A\000\040\000g\000e\000n\000e\000r\000a\000l\000\040\000m\000o\000d\000e\000l}{chapter.12}% 78
\BOOKMARK [2][-]{subsection.12.1.1}{\376\377\000A\000n\000\040\000o\000v\000e\000r\000v\000i\000e\000w\000\040\000o\000f\000\040\000t\000h\000e\000\040\000e\000c\000o\000n\000o\000m\000y}{section.12.1}% 79
\BOOKMARK [2][-]{subsection.12.1.2}{\376\377\000M\000a\000r\000k\000e\000t\000p\000l\000a\000c\000e\000s}{section.12.1}% 80
\BOOKMARK [2][-]{subsection.12.1.3}{\376\377\000C\000o\000n\000s\000u\000m\000e\000r\000s}{section.12.1}% 81
\BOOKMARK [2][-]{subsection.12.1.4}{\376\377\000I\000n\000d\000i\000v\000i\000d\000u\000a\000l\000\040\000t\000r\000a\000n\000s\000p\000o\000r\000t\000a\000t\000i\000o\000n}{section.12.1}% 82
\BOOKMARK [2][-]{subsection.12.1.5}{\376\377\000M\000a\000s\000s\000\040\000t\000r\000a\000n\000s\000p\000o\000r\000t\000a\000t\000i\000o\000n\000\040\000a\000m\000o\000n\000g\000\040\000m\000a\000r\000k\000e\000t\000p\000l\000a\000c\000e}{section.12.1}% 83
\BOOKMARK [2][-]{subsection.12.1.6}{\376\377\000T\000h\000e\000\040\000t\000r\000a\000d\000i\000n\000g\000\040\000c\000o\000s\000t}{section.12.1}% 84
\BOOKMARK [0][-]{chapter.13}{\376\377\000O\000N\000\040\000T\000H\000E\000\040\000I\000N\000T\000E\000R\000N\000A\000L\000\040\000S\000T\000R\000U\000C\000T\000U\000R\000E\000\040\000O\000F\000\040\000C\000I\000T\000I\000E\000S}{part.1}% 85
\BOOKMARK [1][-]{section.13.1}{\376\377\000T\000h\000e\000\040\000M\000o\000d\000e\000l}{chapter.13}% 86
\BOOKMARK [0][-]{chapter.14}{\376\377\000M\000a\000r\000k\000e\000t\000\040\000t\000h\000i\000c\000k\000n\000e\000s\000s\000\040\000a\000n\000d\000\040\000t\000h\000e\000\040\000i\000m\000p\000a\000c\000t\000\040\000o\000f\000\040\000u\000n\000e\000m\000p\000l\000o\000y\000m\000e\000n\000t\000\040\000o\000n\000\040\000h\000o\000u\000s\000i\000n\000g\000\040\000m\000a\000r\000k\000e\000t\000\040\000o\000u\000t\000c\000o\000m\000e\000s}{part.1}% 87
\BOOKMARK [1][-]{section.14.1}{\376\377\000T\000h\000e\000\040\000M\000o\000d\000e\000l}{chapter.14}% 88
\BOOKMARK [2][-]{subsection.14.1.1}{\376\377\000T\000h\000e\000\040\000b\000a\000s\000i\000c\000\040\000s\000e\000t\000u\000p}{section.14.1}% 89
\BOOKMARK [2][-]{subsection.14.1.2}{\376\377\000T\000h\000e\000\040\000s\000e\000l\000l\000e\000r\000'\000s\000\040\000p\000r\000o\000b\000l\000e\000m}{section.14.1}% 90
